make all --print-data-base --no-builtin-variables --no-builtin-rules --question
make: *** No rule to make target 'all'.  Stop.

# GNU Make 4.2.1
# Built for x86_64-pc-linux-gnu
# Copyright (C) 1988-2016 Free Software Foundation, Inc.
# License GPLv3+: GNU GPL version 3 or later <http://gnu.org/licenses/gpl.html>
# This is free software: you are free to change and redistribute it.
# There is NO WARRANTY, to the extent permitted by law.

# Make data base, printed on Wed Aug 10 17:25:50 2022

# Variables

# automatic
<D = $(patsubst %/,%,$(dir $<))
# automatic
?F = $(notdir $?)
# environment
DESKTOP_SESSION = plasma
# default
.SHELLFLAGS := -c
# environment
XDG_SESSION_CLASS = user
# environment
XDG_SESSION_TYPE = x11
# makefile (from 'makefile', line 4)
LIBRARY = -lncurses
# environment
GTK3_MODULES = xapp-gtk3-module
# automatic
?D = $(patsubst %/,%,$(dir $?))
# environment
GTK_RC_FILES = /etc/gtk/gtkrc:/home/pxt/.gtkrc:/home/pxt/.config/gtkrc
# automatic
@D = $(patsubst %/,%,$(dir $@))
# environment
XAUTHORITY = /home/pxt/.Xauthority
# environment
GDMSESSION = plasma
# default
MAKE_VERSION := 4.2.1
# makefile
CURDIR := /home/pxt/Asciion-daedalus
# makefile
SHELL = /bin/sh
# environment
GDM_LANG = it
# environment
VSCODE_NLS_CONFIG = {"locale":"it","availableLanguages":{"*":"it"},"_languagePackId":"35bb7f4c3ea1aa810fd49c1141563929.it","_translationsConfigFile":"/home/pxt/.config/Code/clp/35bb7f4c3ea1aa810fd49c1141563929.it/tcf.json","_cacheRoot":"/home/pxt/.config/Code/clp/35bb7f4c3ea1aa810fd49c1141563929.it","_resolvedLanguagePackCoreLocation":"/home/pxt/.config/Code/clp/35bb7f4c3ea1aa810fd49c1141563929.it/da76f93349a72022ca4670c1b84860304616aaa2","_corruptedFile":"/home/pxt/.config/Code/clp/35bb7f4c3ea1aa810fd49c1141563929.it/corrupted.info","_languagePackSupport":true}
# environment
_ = /usr/share/code/code
# environment
QT_AUTO_SCREEN_SCALE_FACTOR = 0
# makefile (from 'makefile', line 2)
CFLAGS = -c -Wall
# environment
XDG_CONFIG_DIRS = /home/pxt/.config/kdedefaults:/etc/xdg/xdg-plasma:/etc/xdg:/etc/feren-plasma-settings
# makefile (from 'makefile', line 1)
MAKEFILE_LIST :=  makefile
# automatic
@F = $(notdir $@)
# environment
IM_CONFIG_PHASE = 1
# 'override' directive
GNUMAKEFLAGS := 
# environment
MAKELEVEL := 0
# environment
MANDATORY_PATH = /usr/share/gconf/plasma.mandatory.path
# environment
XDG_DATA_DIRS = /usr/share/plasma:/home/pxt/.local/share/flatpak/exports/share:/var/lib/flatpak/exports/share:/usr/local/share:/usr/share
# environment
DBUS_SESSION_BUS_ADDRESS = unix:path=/run/user/1000/bus
# environment
XCURSOR_SIZE = 32
# environment
LESSOPEN = | /usr/bin/lesspipe %s
# environment
LC_NAME = it_IT.UTF-8
# environment
VSCODE_CWD = /home/pxt
# environment
XDG_SESSION_PATH = /org/freedesktop/DisplayManager/Session0
# default
MAKE_HOST := x86_64-pc-linux-gnu
# environment
PATH = /usr/local/sbin:/usr/local/bin:/usr/sbin:/usr/bin:/sbin:/bin:/usr/games:/usr/local/games:/snap/bin
# environment
GPG_AGENT_INFO = /run/user/1000/gnupg/S.gpg-agent:0:1
# environment
XCURSOR_THEME = DMZ-Black
# environment
SESSION_MANAGER = local/hys:@/tmp/.ICE-unix/1434,unix/hys:/tmp/.ICE-unix/1434
# environment
XDG_RUNTIME_DIR = /run/user/1000
# environment
ELECTRON_RUN_AS_NODE = 1
# environment
GTK2_RC_FILES = /etc/gtk-2.0/gtkrc:/home/pxt/.gtkrc-2.0:/home/pxt/.config/gtkrc-2.0
# default
.FEATURES := target-specific order-only second-expansion else-if shortest-stem undefine oneshell archives jobserver output-sync check-symlink load
# environment
XDG_GREETER_DATA_DIR = /var/lib/lightdm-data/pxt
# environment
LS_COLORS = 
# environment
XDG_SESSION_DESKTOP = plasma
# environment
SSH_AUTH_SOCK = /tmp/ssh-7ZODEZbxYrWD/agent.1257
# automatic
%F = $(notdir $%)
# environment
DISPLAY = :0
# environment
PWD = /home/pxt/Asciion-daedalus
# environment
KDE_SESSION_VERSION = 5
# default
.LOADED := 
# environment
XDG_SEAT = seat0
# environment
SSH_AGENT_PID = 1340
# environment
ORIGINAL_XDG_CURRENT_DESKTOP = KDE
# environment
GTK_MODULES = gail:atk-bridge
# environment
VSCODE_AMD_ENTRYPOINT = vs/workbench/api/node/extensionHostProcess
# environment
HOME = /home/pxt
# environment
LESSCLOSE = /usr/bin/lesspipe %s %s
# environment
VSCODE_CODE_CACHE_PATH = /home/pxt/.config/Code/CachedData/da76f93349a72022ca4670c1b84860304616aaa2
# environment
LOGNAME = pxt
# environment
APPLICATION_INSIGHTS_NO_DIAGNOSTIC_CHANNEL = true
# automatic
+F = $(notdir $+)
# environment
KDE_FULL_SESSION = true
# environment
VSCODE_HANDLES_UNCAUGHT_ERRORS = true
# automatic
^D = $(patsubst %/,%,$(dir $^))
# environment
XDG_VTNR = 7
# environment
LC_TIME = it_IT.UTF-8
# default
MAKE = $(MAKE_COMMAND)
# default
MAKECMDGOALS := all
# environment
SHLVL = 0
# makefile (from 'makefile', line 1)
CC = g++
# environment
XDG_SESSION_ID = c2
# environment
USER = pxt
# environment
LC_MONETARY = it_IT.UTF-8
# makefile
.DEFAULT_GOAL := main
# environment
XDG_CURRENT_DESKTOP = KDE
# automatic
%D = $(patsubst %/,%,$(dir $%))
# environment
LC_TELEPHONE = it_IT.UTF-8
# default
MAKE_COMMAND := make
# environment
KDE_APPLICATIONS_AS_SCOPE = 1
# default
.VARIABLES := 
# automatic
*F = $(notdir $*)
# environment
LANGUAGE = it:en_US
# environment
XDG_SEAT_PATH = /org/freedesktop/DisplayManager/Seat0
# environment
VSCODE_IPC_HOOK = /run/user/1000/vscode-f6366448-1.70.0-main.sock
# makefile
MAKEFLAGS = pqrR
# environment
MFLAGS = -pqrR
# automatic
*D = $(patsubst %/,%,$(dir $*))
# automatic
+D = $(patsubst %/,%,$(dir $+))
# environment
GDK_BACKEND = x11
# environment
LC_PAPER = it_IT.UTF-8
# environment
QT_ACCESSIBILITY = 1
# environment
DEFAULTS_PATH = /usr/share/gconf/plasma.default.path
# default
MAKEFILES := 
# environment
LC_NUMERIC = it_IT.UTF-8
# automatic
<F = $(notdir $<)
# environment
LC_MEASUREMENT = it_IT.UTF-8
# environment
LC_ALL = C
# automatic
^F = $(notdir $^)
# default
SUFFIXES := 
# environment
CHROME_DESKTOP = code-url-handler.desktop
# default
.INCLUDE_DIRS = /usr/include /usr/local/include /usr/include
# environment
LC_IDENTIFICATION = it_IT.UTF-8
# default
.RECIPEPREFIX := 
# makefile (from 'makefile', line 3)
OBJECTS = main.o entity.o player.o enemy.o gameEnvironment.o game.o coordinate.o weapon.o rangedWeapon.o item.o power.o artifact.o 
# environment
LC_ADDRESS = it_IT.UTF-8
# environment
LANG = C
# environment
VSCODE_PID = 2033
# environment
KDE_SESSION_UID = 1000
# variable set hash-table stats:
# Load=111/1024=11%, Rehash=0, Collisions=10/137=7%

# Pattern-specific Variable Values

# No pattern-specific variable values.

# Directories

# . (device 66306, inode 25827708): 10 files, no impossibilities.

# 10 files, no impossibilities in 1 directories.

# Implicit Rules

# No implicit rules.

# Files

# Not a target:
src/gameEnvironment/coordinate.cpp:
#  Implicit rule search has not been done.
#  Modification time never checked.
#  File has not been updated.

enemy.o: src/entity/enemy.hpp src/entity/enemy.cpp
#  Implicit rule search has not been done.
#  Modification time never checked.
#  File has not been updated.
#  recipe to execute (from 'makefile', line 19):
		$(CC) $(CFLAGS) src/entity/enemy.cpp

power.o: src/item/power.hpp src/item/power.cpp
#  Implicit rule search has not been done.
#  Modification time never checked.
#  File has not been updated.
#  recipe to execute (from 'makefile', line 40):
		$(CC) $(CFLAGS) src/item/power.cpp

# Not a target:
src/item/artifact.cpp:
#  Implicit rule search has not been done.
#  Modification time never checked.
#  File has not been updated.

# Not a target:
all:
#  Command line target.
#  Implicit rule search has been done.
#  File does not exist.
#  File has not been updated.

# Not a target:
src/gameEnvironment/gameEnvironment.cpp:
#  Implicit rule search has not been done.
#  Modification time never checked.
#  File has not been updated.

weapon.o: src/weapon/weapon.hpp src/weapon/weapon.cpp
#  Implicit rule search has not been done.
#  Modification time never checked.
#  File has not been updated.
#  recipe to execute (from 'makefile', line 31):
		$(CC) $(CFLAGS) src/weapon/weapon.cpp

# Not a target:
src/game/game.hpp:
#  Implicit rule search has not been done.
#  Modification time never checked.
#  File has not been updated.

# Not a target:
src/gameEnvironment/coordinate.hpp:
 
#  Implicit rule search has not been done.
#  Modification time never checked.
#  File has not been updated.

# Not a target:
src/item/artifact.hpp:
#  Implicit rule search has not been done.
#  Modification time never checked.
#  File has not been updated.

# Not a target:
src/entity/enemy.cpp:
#  Implicit rule search has not been done.
#  Modification time never checked.
#  File has not been updated.

# Not a target:
src/gameEnvironment/gameEnvironment.hpp:
#  Implicit rule search has not been done.
#  Modification time never checked.
#  File has not been updated.

gameEnvironment.o: src/gameEnvironment/gameEnvironment.hpp src/gameEnvironment/gameEnvironment.cpp
#  Implicit rule search has not been done.
#  Modification time never checked.
#  File has not been updated.
#  recipe to execute (from 'makefile', line 22):
		$(CC) $(CFLAGS) src/gameEnvironment/gameEnvironment.cpp

artifact.o: src/item/artifact.hpp src/item/artifact.cpp
#  Implicit rule search has not been done.
#  Modification time never checked.
#  File has not been updated.
#  recipe to execute (from 'makefile', line 43):
		$(CC) $(CFLAGS) src/item/artifact.cpp

# Not a target:
makefile:
#  Implicit rule search has been done.
#  Last modified 2022-08-06 19:00:12.176007331
#  File has been updated.
#  Successfully updated.

# Not a target:
src/weapon/rangedWeapon.cpp:
#  Implicit rule search has not been done.
#  Modification time never checked.
#  File has not been updated.

item.o: src/item/item.hpp src/item/item.cpp
#  Implicit rule search has not been done.
#  Modification time never checked.
#  File has not been updated.
#  recipe to execute (from 'makefile', line 37):
		$(CC) $(CFLAGS) src/item/item.cpp

# Not a target:
main.cpp:
#  Implicit rule search has not been done.
#  Modification time never checked.
#  File has not been updated.

rangedWeapon.o: src/weapon/rangedWeapon.hpp src/weapon/rangedWeapon.cpp
#  Implicit rule search has not been done.
#  Modification time never checked.
#  File has not been updated.
#  recipe to execute (from 'makefile', line 34):
		$(CC) $(CFLAGS) src/weapon/rangedWeapon.cpp

# Not a target:
src/entity/enemy.hpp:
#  Implicit rule search has not been done.
#  Modification time never checked.
#  File has not been updated.

entity.o: src/entity/entity.cpp src/entity/entity.hpp
#  Implicit rule search has not been done.
#  Modification time never checked.
#  File has not been updated.
#  recipe to execute (from 'makefile', line 13):
		$(CC) $(CFLAGS) src/entity/entity.cpp
		

# Not a target:
src/weapon/rangedWeapon.hpp:
#  Implicit rule search has not been done.
#  Modification time never checked.
#  File has not been updated.

# Not a target:
src/item/item.cpp:
#  Implicit rule search has not been done.
#  Modification time never checked.
#  File has not been updated.

# Not a target:
.DEFAULT:
#  Implicit rule search has not been done.
#  Modification time never checked.
#  File has not been updated.

# Not a target:
src/entity/entity.cpp:
#  Implicit rule search has not been done.
#  Modification time never checked.
#  File has not been updated.

coordinate.o: src/gameEnvironment/coordinate.hpp src/gameEnvironment/coordinate.cpp
#  Implicit rule search has not been done.
#  Modification time never checked.
#  File has not been updated.
#  recipe to execute (from 'makefile', line 28):
		$(CC) $(CFLAGS) src/gameEnvironment/coordinate.cpp

clean:
#  Implicit rule search has not been done.
#  Modification time never checked.
#  File has not been updated.
#  recipe to execute (from 'makefile', line 49):
		rm *.o main
	

# Not a target:
src/item/item.hpp:
#  Implicit rule search has not been done.
#  Modification time never checked.
#  File has not been updated.

game.o: src/game/game.hpp src/game/game.cpp
#  Implicit rule search has not been done.
#  Modification time never checked.
#  File has not been updated.
#  recipe to execute (from 'makefile', line 25):
		$(CC) $(CFLAGS) src/game/game.cpp

# Not a target:
src/entity/player.cpp:
#  Implicit rule search has not been done.
#  Modification time never checked.
#  File has not been updated.

# Not a target:
src/weapon/weapon.cpp:
#  Implicit rule search has not been done.
#  Modification time never checked.
#  File has not been updated.

# Not a target:
src/item/power.cpp:
#  Implicit rule search has not been done.
#  Modification time never checked.
#  File has not been updated.

# Not a target:
src/entity/entity.hpp:
#  Implicit rule search has not been done.
#  Modification time never checked.
#  File has not been updated.

main: main.o entity.o player.o enemy.o gameEnvironment.o game.o coordinate.o weapon.o rangedWeapon.o item.o power.o artifact.o
#  Implicit rule search has not been done.
#  Modification time never checked.
#  File has not been updated.
#  recipe to execute (from 'makefile', line 7):
		$(CC) -o main $(OBJECTS) $(LIBRARY)

main.o: main.cpp src/entity/entity.hpp src/entity/player.hpp src/entity/enemy.hpp src/gameEnvironment/gameEnvironment.hpp src/gameEnvironment/coordinate.hpp src/weapon/weapon.hpp src/weapon/rangedWeapon.hpp src/item/item.hpp src/item/power.hpp src/item/artifact.hpp
#  Implicit rule search has not been done.
#  Modification time never checked.
#  File has not been updated.
#  recipe to execute (from 'makefile', line 10):
		$(CC) $(CFLAGS) main.cpp

# Not a target:
src/entity/player.hpp:
#  Implicit rule search has not been done.
#  Modification time never checked.
#  File has not been updated.

# Not a target:
src/weapon/weapon.hpp:
#  Implicit rule search has not been done.
#  Modification time never checked.
#  File has not been updated.

launch:
#  Implicit rule search has not been done.
#  Modification time never checked.
#  File has not been updated.
#  recipe to execute (from 'makefile', line 46):
		./main
	

# Not a target:
src/item/power.hpp:
#  Implicit rule search has not been done.
#  Modification time never checked.
#  File has not been updated.

# Not a target:
src/game/game.cpp:
#  Implicit rule search has not been done.
#  Modification time never checked.
#  File has not been updated.

player.o: src/entity/player.hpp src/entity/player.cpp
#  Implicit rule search has not been done.
#  Modification time never checked.
#  File has not been updated.
#  recipe to execute (from 'makefile', line 16):
		$(CC) $(CFLAGS) src/entity/player.cpp

# files hash-table stats:
# Load=42/1024=4%, Rehash=0, Collisions=0/109=0%
# VPATH Search Paths

# No 'vpath' search paths.

# No general ('VPATH' variable) search path.

# strcache buffers: 1 (0) / strings = 52 / storage = 793 B / avg = 15 B
# current buf: size = 8162 B / used = 793 B / count = 52 / avg = 15 B

# strcache performance: lookups = 94 / hit rate = 44%
# hash-table stats:
# Load=52/8192=1%, Rehash=0, Collisions=1/94=1%
# Finished Make data base on Wed Aug 10 17:25:50 2022

 
